<?xml version="1.0" encoding="UTF-8"?>
<!-- Generated by org.testng.reporters.JUnitXMLReporter -->
<testsuite ignored="0" hostname="DESKTOP-79OBDSS" failures="0" tests="9" name="Default test" time="3.38" errors="0" timestamp="2022-07-22T14:19:18 IST">
  <testcase classname="com.dataproviderdemo.TestCase" name="m1" time="0.03"/>
  <testcase classname="com.dataproviderdemo.TestCase" name="m1" time="0.014"/>
  <testcase classname="com.dataproviderdemo.TestCase" name="m1" time="0.01"/>
  <testcase classname="com.dataproviderdemo.TestCase" name="m1" time="0.01"/>
  <testcase classname="com.dataproviderdemo.TestCase" name="m1" time="0.011"/>
  <testcase classname="com.dataproviderdemo.TestCase" name="m1" time="0.009"/>
  <testcase classname="com.dataproviderdemo.TestCase" name="m1" time="0.029"/>
  <testcase classname="com.dataproviderdemo.TestCase" name="m1" time="0.037"/>
  <testcase classname="com.dataproviderdemo.TestCase" name="m1" time="0.06"/>
</testsuite> <!-- Default test -->
