<?xml version="1.0" encoding="UTF-8"?>
<!-- Generated by org.testng.reporters.JUnitXMLReporter -->
<testsuite ignored="0" hostname="DESKTOP-79OBDSS" failures="0" tests="9" name="Test" time="4.478" errors="0" timestamp="02 Jul 2022 05:32:19 GMT">
  <testcase classname="com.dataproviderdemo.TestCase" name="m1" time="0.075"/>
  <testcase classname="com.dataproviderdemo.TestCase" name="m1" time="0.004"/>
  <testcase classname="com.dataproviderdemo.TestCase" name="m1" time="0.007"/>
  <testcase classname="com.dataproviderdemo.TestCase" name="m1" time="0.009"/>
  <testcase classname="com.dataproviderdemo.TestCase" name="m1" time="0.008"/>
  <testcase classname="com.dataproviderdemo.TestCase" name="m1" time="0.006"/>
  <testcase classname="com.dataproviderdemo.TestCase" name="m1" time="0.003"/>
  <testcase classname="com.dataproviderdemo.TestCase" name="m1" time="0.011"/>
  <testcase classname="com.dataproviderdemo.TestCase" name="m1" time="0.005"/>
</testsuite> <!-- Test -->
