<?xml version="1.0" encoding="UTF-8"?>
<!-- Generated by org.testng.reporters.JUnitXMLReporter -->
<testsuite ignored="0" hostname="DESKTOP-79OBDSS" failures="0" tests="20" name="Command line test" time="4.177" errors="0" timestamp="2022-07-20T17:44:23 IST">
  <testcase classname="com.dataproviderdemo.TestCase" name="m1" time="0.042"/>
  <testcase classname="com.dataproviderdemo.TestCase" name="m1" time="0.006"/>
  <testcase classname="com.dataproviderdemo.TestCase" name="m1" time="0.008"/>
  <testcase classname="com.dataproviderdemo.TestCase" name="m1" time="0.007"/>
  <testcase classname="com.dataproviderdemo.TestCase" name="m1" time="0.008"/>
  <testcase classname="com.dataproviderdemo.TestCase" name="m1" time="0.035"/>
  <testcase classname="com.dataproviderdemo.TestCase" name="m1" time="0.013"/>
  <testcase classname="com.dataproviderdemo.TestCase" name="m1" time="0.007"/>
  <testcase classname="com.dataproviderdemo.TestCase" name="m1" time="0.011"/>
  <testcase classname="com.iris.TestCaseIris" name="m1" time="0.012"/>
  <testcase classname="com.iris.TestCaseIris" name="m1" time="0.019"/>
  <testcase classname="com.iris.TestCaseIris" name="m1" time="0.014"/>
  <testcase classname="com.iris.TestCaseIris" name="m1" time="0.012"/>
  <testcase classname="com.iris.TestCaseIris" name="m1" time="0.003"/>
  <testcase classname="com.iris.TestCaseIris" name="m1" time="0.013"/>
  <testcase classname="com.iris.TestCaseIris" name="m1" time="0.01"/>
  <testcase classname="com.iris.TestCaseIris" name="m1" time="0.003"/>
  <testcase classname="com.iris.TestCaseIris" name="m1" time="0.01"/>
  <testcase classname="com.iris.TestCaseIris" name="m1" time="0.028"/>
  <testcase classname="com.iris.TestCaseIris" name="m1" time="0.015"/>
</testsuite> <!-- Command line test -->
