<?xml version="1.0" encoding="UTF-8"?>
<testng-results ignored="0" total="9" passed="9" failed="0" skipped="0">
  <reporter-output>
  </reporter-output>
  <suite started-at="2022-07-22T14:19:15 IST" name="Default suite" finished-at="2022-07-22T14:19:18 IST" duration-ms="3380">
    <groups>
    </groups>
    <test started-at="2022-07-22T14:19:15 IST" name="Default test" finished-at="2022-07-22T14:19:18 IST" duration-ms="3380">
      <class name="com.dataproviderdemo.TestCase">
        <test-method signature="m1(java.lang.String,java.lang.String)[pri:0, instance:com.dataproviderdemo.TestCase@21282ed8]" started-at="2022-07-22T14:19:18 IST" name="m1" data-provider="FirstDP" finished-at="2022-07-22T14:19:18 IST" duration-ms="30" status="PASS">
          <params>
            <param index="0">
              <value>
                <![CDATA[VAS]]>
              </value>
            </param>
            <param index="1">
              <value>
                <![CDATA[Vikram Ashok Sanap]]>
              </value>
            </param>
          </params>
          <reporter-output>
          </reporter-output>
        </test-method> <!-- m1 -->
        <test-method signature="m1(java.lang.String,java.lang.String)[pri:0, instance:com.dataproviderdemo.TestCase@21282ed8]" started-at="2022-07-22T14:19:18 IST" name="m1" data-provider="FirstDP" finished-at="2022-07-22T14:19:18 IST" duration-ms="14" status="PASS">
          <params>
            <param index="0">
              <value>
                <![CDATA[KJN]]>
              </value>
            </param>
            <param index="1">
              <value>
                <![CDATA[Kishor Jagannath Nilakhe]]>
              </value>
            </param>
          </params>
          <reporter-output>
          </reporter-output>
        </test-method> <!-- m1 -->
        <test-method signature="m1(java.lang.String,java.lang.String)[pri:0, instance:com.dataproviderdemo.TestCase@21282ed8]" started-at="2022-07-22T14:19:18 IST" name="m1" data-provider="FirstDP" finished-at="2022-07-22T14:19:18 IST" duration-ms="10" status="PASS">
          <params>
            <param index="0">
              <value>
                <![CDATA[GKG]]>
              </value>
            </param>
            <param index="1">
              <value>
                <![CDATA[Ganesh Kachru Gandhas]]>
              </value>
            </param>
          </params>
          <reporter-output>
          </reporter-output>
        </test-method> <!-- m1 -->
        <test-method signature="m1(java.lang.String,java.lang.String)[pri:0, instance:com.dataproviderdemo.TestCase@21282ed8]" started-at="2022-07-22T14:19:18 IST" name="m1" data-provider="FirstDP" finished-at="2022-07-22T14:19:18 IST" duration-ms="10" status="PASS">
          <params>
            <param index="0">
              <value>
                <![CDATA[MSP]]>
              </value>
            </param>
            <param index="1">
              <value>
                <![CDATA[Manodip Subhash Patil]]>
              </value>
            </param>
          </params>
          <reporter-output>
          </reporter-output>
        </test-method> <!-- m1 -->
        <test-method signature="m1(java.lang.String,java.lang.String)[pri:0, instance:com.dataproviderdemo.TestCase@21282ed8]" started-at="2022-07-22T14:19:18 IST" name="m1" data-provider="FirstDP" finished-at="2022-07-22T14:19:18 IST" duration-ms="11" status="PASS">
          <params>
            <param index="0">
              <value>
                <![CDATA[PBZ]]>
              </value>
            </param>
            <param index="1">
              <value>
                <![CDATA[Pravin Bal Zade]]>
              </value>
            </param>
          </params>
          <reporter-output>
          </reporter-output>
        </test-method> <!-- m1 -->
        <test-method signature="m1(java.lang.String,java.lang.String)[pri:0, instance:com.dataproviderdemo.TestCase@21282ed8]" started-at="2022-07-22T14:19:18 IST" name="m1" data-provider="FirstDP" finished-at="2022-07-22T14:19:18 IST" duration-ms="9" status="PASS">
          <params>
            <param index="0">
              <value>
                <![CDATA[PDS]]>
              </value>
            </param>
            <param index="1">
              <value>
                <![CDATA[Prasad Dinu Sanap]]>
              </value>
            </param>
          </params>
          <reporter-output>
          </reporter-output>
        </test-method> <!-- m1 -->
        <test-method signature="m1(java.lang.String,java.lang.String)[pri:0, instance:com.dataproviderdemo.TestCase@21282ed8]" started-at="2022-07-22T14:19:18 IST" name="m1" data-provider="FirstDP" finished-at="2022-07-22T14:19:18 IST" duration-ms="29" status="PASS">
          <params>
            <param index="0">
              <value>
                <![CDATA[GDS]]>
              </value>
            </param>
            <param index="1">
              <value>
                <![CDATA[Gaurav Dinu Sanap]]>
              </value>
            </param>
          </params>
          <reporter-output>
          </reporter-output>
        </test-method> <!-- m1 -->
        <test-method signature="m1(java.lang.String,java.lang.String)[pri:0, instance:com.dataproviderdemo.TestCase@21282ed8]" started-at="2022-07-22T14:19:18 IST" name="m1" data-provider="FirstDP" finished-at="2022-07-22T14:19:18 IST" duration-ms="37" status="PASS">
          <params>
            <param index="0">
              <value>
                <![CDATA[NMS]]>
              </value>
            </param>
            <param index="1">
              <value>
                <![CDATA[Nilesh Mhalu Sanap]]>
              </value>
            </param>
          </params>
          <reporter-output>
          </reporter-output>
        </test-method> <!-- m1 -->
        <test-method signature="m1(java.lang.String,java.lang.String)[pri:0, instance:com.dataproviderdemo.TestCase@21282ed8]" started-at="2022-07-22T14:19:18 IST" name="m1" data-provider="FirstDP" finished-at="2022-07-22T14:19:18 IST" duration-ms="60" status="PASS">
          <params>
            <param index="0">
              <value>
                <![CDATA[DKS]]>
              </value>
            </param>
            <param index="1">
              <value>
                <![CDATA[Dinkar Kacharu Sanap]]>
              </value>
            </param>
          </params>
          <reporter-output>
          </reporter-output>
        </test-method> <!-- m1 -->
      </class> <!-- com.dataproviderdemo.TestCase -->
    </test> <!-- Default test -->
  </suite> <!-- Default suite -->
</testng-results>
